<?xml version="1.0" encoding="utf-8"?><testsuites name="pytest tests"><testsuite name="pytest" errors="0" failures="1" skipped="0" tests="8" time="35.368" timestamp="2026-07-18T14:18:59.538054+00:00" hostname="agent-env-80482f25-d70c-4d23-84f0-eff4b7465f1c"><testcase classname="tests.test_12_rag_contradiction" name="test_upload_chunks_with_ticker" time="0.886" /><testcase classname="tests.test_11_scheduler" name="test_scheduler_status_has_job" time="0.784" /><testcase classname="tests.test_11_scheduler" name="test_scheduler_run_now_scans" time="9.550" /><testcase classname="tests.test_12_rag_contradiction" name="test_contradiction_across_docs" time="10.339"><failure message="AssertionError: expected both filenames in source_files, got {'aapl_bearish_memo.txt'}&#10;assert ('aapl_bullish_memo.txt' in {'aapl_bearish_memo.txt'})">tests/test_12_rag_contradiction.py:75: in test_contradiction_across_docs
    assert "aapl_bullish_memo.txt" in sf and "aapl_bearish_memo.txt" in sf, \
E   AssertionError: expected both filenames in source_files, got {'aapl_bearish_memo.txt'}
E   assert ('aapl_bullish_memo.txt' in {'aapl_bearish_memo.txt'})</failure></testcase><testcase classname="tests.test_13_demo_seed" name="test_demo_seed_and_bias_analysis" time="24.219" /><testcase classname="tests.test_12_rag_contradiction" name="test_doc_scoped_ask" time="11.571" /><testcase classname="tests.test_12_rag_contradiction" name="test_document_delete_removes_chunks" time="0.357" /><testcase classname="tests.test_13_demo_seed" name="test_demo_clear_deletes_only_demo" time="0.492" /></testsuite></testsuites>