<?xml version="1.0" encoding="utf-8"?><testsuites name="pytest tests"><testsuite name="pytest" errors="0" failures="0" skipped="0" tests="32" time="60.015" timestamp="2026-07-19T01:07:12.412198+00:00" hostname="agent-env-80482f25-d70c-4d23-84f0-eff4b7465f1c"><testcase classname="tests.test_18_ai_assist" name="test_agents_assist_returns_non_empty[thesis-NVDA good-improve]" time="5.690" /><testcase classname="tests.test_20_gpt54_model" name="test_agent_meta_model_is_gpt54[research]" time="6.828" /><testcase classname="tests.test_18_ai_assist" name="test_agents_assist_returns_non_empty[note-Bought some NVDA today-make analytical]" time="2.610" /><testcase classname="tests.test_20_gpt54_model" name="test_agent_meta_model_is_gpt54[financial]" time="6.203" /><testcase classname="tests.test_18_ai_assist" name="test_agents_assist_returns_non_empty[journal_reason-Felt bullish-make crisp]" time="1.775" /><testcase classname="tests.test_18_ai_assist" name="test_agents_assist_returns_non_empty[journal_expected-Stock will go up-make measurable]" time="1.504" /><testcase classname="tests.test_18_ai_assist" name="test_agents_assist_returns_non_empty[catalyst--generate]" time="3.728" /><testcase classname="tests.test_20_gpt54_model" name="test_agent_meta_model_is_gpt54[news]" time="4.539" /><testcase classname="tests.test_18_ai_assist" name="test_agents_assist_returns_non_empty[risk--generate]" time="3.414" /><testcase classname="tests.test_20_gpt54_model" name="test_agent_meta_model_is_gpt54[competitor]" time="6.280" /><testcase classname="tests.test_18_ai_assist" name="test_agents_assist_returns_non_empty[assumption-Datacenter demand stays strong-make testable]" time="2.044" /><testcase classname="tests.test_18_ai_assist" name="test_agents_assist_ticker_optional" time="2.120" /><testcase classname="tests.test_18_ai_assist" name="test_agents_assist_model_is_gpt54" time="4.215" /><testcase classname="tests.test_20_gpt54_model" name="test_agent_meta_model_is_gpt54[risk]" time="6.322" /><testcase classname="tests.test_21_command_center_add" name="test_watchlist_get_backward_compat" time="0.327" /><testcase classname="tests.test_21_command_center_add" name="test_command_center_add_ticker[stocks-AMZN]" time="2.516" /><testcase classname="tests.test_21_command_center_add" name="test_command_center_add_ticker[crypto-SOL-USD]" time="0.099" /><testcase classname="tests.test_21_command_center_add" name="test_command_center_add_ticker[etfs-SPY]" time="0.100" /><testcase classname="tests.test_21_command_center_add" name="test_add_invalid_asset_class_rejected" time="0.091" /><testcase classname="tests.test_20_gpt54_model" name="test_agent_meta_model_is_gpt54[valuation]" time="6.853" /><testcase classname="tests.test_21_command_center_add" name="test_add_idempotent" time="0.221" /><testcase classname="tests.test_21_command_center_add" name="test_watchlist_endpoint_does_not_500_on_slow_yfinance" time="0.819" /><testcase classname="tests.test_22_bug_fixes" name="test_bug3_input_component_has_text_foreground" time="0.000" /><testcase classname="tests.test_22_bug_fixes" name="test_bug3_index_css_has_input_color_override" time="0.000" /><testcase classname="tests.test_22_bug_fixes" name="test_bug2_living_thesis_v2_gets_parent_and_version_2" time="0.168" /><testcase classname="tests.test_22_bug_fixes" name="test_bug4_contradiction_returns_retrieved_when_bm25_scores_are_zero" time="5.315" /><testcase classname="tests.test_22_bug_fixes" name="test_bug5_company_score_endpoint" time="0.054" /><testcase classname="tests.test_22_bug_fixes" name="test_bug5_running_stock_via_research_agent" time="6.124" /><testcase classname="tests.test_20_gpt54_model" name="test_agent_meta_model_is_gpt54[macro]" time="6.042" /><testcase classname="tests.test_20_gpt54_model" name="test_market_brief_uses_gpt54" time="11.362" /><testcase classname="tests.test_20_gpt54_model" name="test_portfolio_brief_uses_gpt54" time="3.037" /><testcase classname="tests.test_20_gpt54_model" name="test_assist_uses_gpt54" time="2.234" /></testsuite></testsuites>