<?xml version="1.0" encoding="utf-8"?><testsuites name="pytest tests"><testsuite name="pytest" errors="0" failures="1" skipped="0" tests="120" time="160.179" timestamp="2026-07-19T19:48:20.184987+00:00" hostname="agent-env-80482f25-d70c-4d23-84f0-eff4b7465f1c"><testcase classname="tests.test_16_watchlist_board" name="test_watchlist_lists_returns_three_defaults" time="3.832" /><testcase classname="tests.test_20_gpt54_model" name="test_agent_meta_model_is_gpt54[research]" time="11.065" /><testcase classname="tests.test_16_watchlist_board" name="test_free_plan_cap_stocks" time="2.385" /><testcase classname="tests.test_16_watchlist_board" name="test_remove_user_ticker_default_stays" time="0.189" /><testcase classname="tests.test_16_watchlist_board" name="test_add_crypto_and_etf" time="0.998" /><testcase classname="tests.test_16_watchlist_board" name="test_watchlist_add_invalid_asset_class" time="0.048" /><testcase classname="tests.test_16_watchlist_board" name="test_backward_compat_get_watchlist" time="0.050" /><testcase classname="tests.test_16_watchlist_board" name="test_chart_periods[1d]" time="0.190" /><testcase classname="tests.test_16_watchlist_board" name="test_chart_periods[5d]" time="0.153" /><testcase classname="tests.test_16_watchlist_board" name="test_chart_periods[1mo]" time="0.200" /><testcase classname="tests.test_16_watchlist_board" name="test_chart_periods[ytd]" time="0.336" /><testcase classname="tests.test_16_watchlist_board" name="test_chart_periods[6mo]" time="0.180" /><testcase classname="tests.test_16_watchlist_board" name="test_chart_periods[1y]" time="0.078" /><testcase classname="tests.test_16_watchlist_board" name="test_chart_periods[5y]" time="0.263" /><testcase classname="tests.test_16_watchlist_board" name="test_chart_periods[10y]" time="0.275" /><testcase classname="tests.test_16_watchlist_board" name="test_chart_periods[max]" time="0.839" /><testcase classname="tests.test_18_ai_assist" name="test_agents_assist_returns_non_empty[thesis-NVDA good-improve]" time="3.750" /><testcase classname="tests.test_20_gpt54_model" name="test_agent_meta_model_is_gpt54[financial]" time="5.340" /><testcase classname="tests.test_18_ai_assist" name="test_agents_assist_returns_non_empty[note-Bought some NVDA today-make analytical]" time="2.327" /><testcase classname="tests.test_18_ai_assist" name="test_agents_assist_returns_non_empty[journal_reason-Felt bullish-make crisp]" time="1.961" /><testcase classname="tests.test_20_gpt54_model" name="test_agent_meta_model_is_gpt54[news]" time="4.184" /><testcase classname="tests.test_18_ai_assist" name="test_agents_assist_returns_non_empty[journal_expected-Stock will go up-make measurable]" time="1.688" /><testcase classname="tests.test_18_ai_assist" name="test_agents_assist_returns_non_empty[catalyst--generate]" time="2.893" /><testcase classname="tests.test_20_gpt54_model" name="test_agent_meta_model_is_gpt54[competitor]" time="5.301" /><testcase classname="tests.test_18_ai_assist" name="test_agents_assist_returns_non_empty[risk--generate]" time="3.531" /><testcase classname="tests.test_20_gpt54_model" name="test_agent_meta_model_is_gpt54[risk]" time="5.990" /><testcase classname="tests.test_18_ai_assist" name="test_agents_assist_returns_non_empty[assumption-Datacenter demand stays strong-make testable]" time="2.345" /><testcase classname="tests.test_18_ai_assist" name="test_agents_assist_ticker_optional" time="2.186" /><testcase classname="tests.test_18_ai_assist" name="test_agents_assist_model_is_gpt54" time="2.388" /><testcase classname="tests.test_20_gpt54_model" name="test_agent_meta_model_is_gpt54[valuation]" time="5.389" /><testcase classname="tests.test_24_landing_public" name="test_auth_me_401_without_token" time="0.196" /><testcase classname="tests.test_24_landing_public" name="test_signup_returns_token_and_user_shape" time="0.448" /><testcase classname="tests.test_24_landing_public" name="test_login_flow_and_duplicate_signup" time="1.092" /><testcase classname="tests.test_24_landing_public" name="test_business_summary_present_or_graceful[AAPL]" time="0.046" /><testcase classname="tests.test_24_landing_public" name="test_business_summary_present_or_graceful[MSFT]" time="0.231" /><testcase classname="tests.test_24_landing_public" name="test_business_summary_present_or_graceful[NVDA]" time="0.046" /><testcase classname="tests.test_24_landing_public" name="test_business_summary_present_or_graceful[TSLA]" time="0.282" /><testcase classname="tests.test_24_landing_public" name="test_business_summary_no_500_even_on_bad_ticker" time="0.276" /><testcase classname="tests.test_05_ai_agents" name="test_agent_new_variants[contradiction]" time="12.786" /><testcase classname="tests.test_20_gpt54_model" name="test_agent_meta_model_is_gpt54[macro]" time="5.727" /><testcase classname="tests.test_20_gpt54_model" name="test_market_brief_uses_gpt54" time="11.620" /><testcase classname="tests.test_05_ai_agents" name="test_agent_new_variants[management]" time="7.466" /><testcase classname="tests.test_20_gpt54_model" name="test_portfolio_brief_uses_gpt54" time="2.743" /><testcase classname="tests.test_05_ai_agents" name="test_agent_new_variants[materiality]" time="4.922" /><testcase classname="tests.test_20_gpt54_model" name="test_assist_uses_gpt54" time="2.280" /><testcase classname="tests.test_21_command_center_add" name="test_watchlist_get_backward_compat" time="0.057" /><testcase classname="tests.test_21_command_center_add" name="test_command_center_add_ticker[stocks-AMZN]" time="0.103" /><testcase classname="tests.test_21_command_center_add" name="test_command_center_add_ticker[crypto-SOL-USD]" time="0.104" /><testcase classname="tests.test_21_command_center_add" name="test_command_center_add_ticker[etfs-SPY]" time="0.100" /><testcase classname="tests.test_21_command_center_add" name="test_add_invalid_asset_class_rejected" time="0.050" /><testcase classname="tests.test_21_command_center_add" name="test_add_idempotent" time="0.099" /><testcase classname="tests.test_21_command_center_add" name="test_watchlist_endpoint_does_not_500_on_slow_yfinance" time="0.734" /><testcase classname="tests.test_01_auth" name="test_signup_returns_token_and_user" time="0.360" /><testcase classname="tests.test_05_ai_agents" name="test_agent_new_variants[earnings_diff]" time="16.157" /><testcase classname="tests.test_01_auth" name="test_signup_duplicate_returns_400" time="0.098" /><testcase classname="tests.test_01_auth" name="test_login_success" time="0.316" /><testcase classname="tests.test_01_auth" name="test_login_invalid_credentials" time="0.330" /><testcase classname="tests.test_01_auth" name="test_me_with_bearer" time="0.046" /><testcase classname="tests.test_01_auth" name="test_me_unauthenticated" time="0.099" /><testcase classname="tests.test_10_valuation_screener_docs_alerts_graph" name="test_dcf_realistic_aapl" time="0.510" /><testcase classname="tests.test_10_valuation_screener_docs_alerts_graph" name="test_screener_min_market_cap" time="14.393" /><testcase classname="tests.test_10_valuation_screener_docs_alerts_graph" name="test_screener_sector_tech" time="1.505" /><testcase classname="tests.test_05_ai_agents" name="test_bias_agent" time="6.051" /><testcase classname="tests.test_10_valuation_screener_docs_alerts_graph" name="test_documents_upload_and_list" time="0.225" /><testcase classname="tests.test_10_valuation_screener_docs_alerts_graph" name="test_alerts_crud" time="0.227" /><testcase classname="tests.test_10_valuation_screener_docs_alerts_graph" name="test_graph" time="0.052" /><testcase classname="tests.test_22_bug_fixes" name="test_bug3_input_component_has_text_foreground" time="0.000" /><testcase classname="tests.test_22_bug_fixes" name="test_bug3_index_css_has_input_color_override" time="0.000" /><testcase classname="tests.test_22_bug_fixes" name="test_bug2_living_thesis_v2_gets_parent_and_version_2" time="0.147" /><testcase classname="tests.test_22_bug_fixes" name="test_bug4_contradiction_returns_retrieved_when_bm25_scores_are_zero" time="5.869" /><testcase classname="tests.test_05_ai_agents" name="test_market_brief" time="6.883" /><testcase classname="tests.test_22_bug_fixes" name="test_bug5_company_score_endpoint" time="0.049" /><testcase classname="tests.test_22_bug_fixes" name="test_bug5_running_stock_via_research_agent" time="6.697" /><testcase classname="tests.test_05_ai_agents" name="test_portfolio_brief" time="3.569" /><testcase classname="tests.test_02_market" name="test_market_overview" time="0.050" /><testcase classname="tests.test_02_market" name="test_market_quote" time="0.047" /><testcase classname="tests.test_02_market" name="test_market_history_1mo" time="0.046" /><testcase classname="tests.test_02_market" name="test_search" time="0.046" /><testcase classname="tests.test_12_rag_contradiction" name="test_upload_chunks_with_ticker" time="0.338" /><testcase classname="tests.test_12_rag_contradiction" name="test_contradiction_across_docs" time="14.830" /><testcase classname="tests.test_17_notifications" name="test_notifications_empty_initially" time="0.368" /><testcase classname="tests.test_17_notifications" name="test_notification_created_via_scheduler_or_check" time="10.179" /><testcase classname="tests.test_17_notifications" name="test_notifications_read_flow" time="0.236" /><testcase classname="tests.test_17_notifications" name="test_notifications_unread_only_filter" time="0.045" /><testcase classname="tests.test_17_notifications" name="test_notifications_unauthenticated" time="0.144" /><testcase classname="tests.test_19_agent_differentiation" name="test_temperature_differs_across_agents" time="20.711" /><testcase classname="tests.test_12_rag_contradiction" name="test_doc_scoped_ask" time="4.456" /><testcase classname="tests.test_12_rag_contradiction" name="test_document_delete_removes_chunks" time="0.333" /><testcase classname="tests.test_03_company" name="test_company_profile" time="0.052" /><testcase classname="tests.test_03_company" name="test_company_financials" time="0.507" /><testcase classname="tests.test_03_company" name="test_company_news" time="0.172" /><testcase classname="tests.test_04_watchlist_portfolio" name="test_watchlist_seed_default" time="0.058" /><testcase classname="tests.test_04_watchlist_portfolio" name="test_watchlist_add" time="0.116" /><testcase classname="tests.test_04_watchlist_portfolio" name="test_portfolio_add_and_get" time="0.192" /><testcase classname="tests.test_06_portfolio_intelligence" name="test_portfolio_connections" time="4.923" /><testcase classname="tests.test_06_portfolio_intelligence" name="test_portfolio_macro" time="4.238" /><testcase classname="tests.test_06_portfolio_intelligence" name="test_timeline_ticker" time="0.056" /><testcase classname="tests.test_07_living_thesis" name="test_list_theses_by_ticker" time="0.093" /><testcase classname="tests.test_07_living_thesis" name="test_thesis_check_runs_ai" time="7.384" /><testcase classname="tests.test_19_agent_differentiation" name="test_competitor_vs_financial_produce_different_outputs" time="16.907" /><testcase classname="tests.test_07_living_thesis" name="test_thesis_v2_and_diff" time="0.160" /><testcase classname="tests.test_08_journal" name="test_list_journal" time="0.531" /><testcase classname="tests.test_08_journal" name="test_postmortem" time="0.109" /><testcase classname="tests.test_08_journal" name="test_analyze_journal_ai" time="4.561" /><testcase classname="tests.test_14_attractiveness_score" name="test_company_score_shape_nvda" time="0.049" /><testcase classname="tests.test_14_attractiveness_score" name="test_company_score_deterministic" time="0.095" /><testcase classname="tests.test_14_attractiveness_score" name="test_company_score_unauthenticated" time="0.139" /><testcase classname="tests.test_15_bulk_ratings" name="test_bulk_ratings_no_ai" time="0.437" /><testcase classname="tests.test_15_bulk_ratings" name="test_bulk_ratings_with_ai" time="3.723" /><testcase classname="tests.test_15_bulk_ratings" name="test_bulk_ratings_unauthenticated" time="0.124" /><testcase classname="tests.test_23_news_relevance" name="test_news_returns_only_relevant_items[AAPL]" time="0.046" /><testcase classname="tests.test_23_news_relevance" name="test_news_returns_only_relevant_items[NVDA]" time="0.168" /><testcase classname="tests.test_23_news_relevance" name="test_news_shape" time="0.046" /><testcase classname="tests.test_11_scheduler" name="test_scheduler_status_has_job" time="0.063"><failure message="AssertionError: expected 'thesis_auto_recheck' job in []&#10;assert 'thesis_auto_recheck' in []">tests/test_11_scheduler.py:35: in test_scheduler_status_has_job
    assert "thesis_auto_recheck" in job_ids, f"expected 'thesis_auto_recheck' job in {job_ids}"
E   AssertionError: expected 'thesis_auto_recheck' job in []
E   assert 'thesis_auto_recheck' in []</failure></testcase><testcase classname="tests.test_11_scheduler" name="test_scheduler_run_now_scans" time="6.656" /><testcase classname="tests.test_19_agent_differentiation" name="test_macro_agent_evidence_reflects_macro_context" time="9.006" /><testcase classname="tests.test_13_demo_seed" name="test_demo_seed_and_bias_analysis" time="11.898" /><testcase classname="tests.test_19_agent_differentiation" name="test_risk_agent_context_includes_beta_or_debt" time="8.164" /><testcase classname="tests.test_13_demo_seed" name="test_demo_clear_deletes_only_demo" time="0.235" /><testcase classname="tests.test_09_pipeline" name="test_pipeline_add_move_delete" time="0.338" /></testsuite></testsuites>