<?xml version="1.0" encoding="utf-8"?><testsuites name="pytest tests"><testsuite name="pytest" errors="3" failures="2" skipped="0" tests="39" time="65.209" timestamp="2026-07-18T13:55:38.092468+00:00" hostname="agent-env-80482f25-d70c-4d23-84f0-eff4b7465f1c"><testcase classname="tests.test_01_auth" name="test_signup_returns_token_and_user" time="0.364" /><testcase classname="tests.test_05_ai_agents" name="test_agent_new_variants[contradiction]" time="20.561" /><testcase classname="tests.test_01_auth" name="test_signup_duplicate_returns_400" time="1.483" /><testcase classname="tests.test_01_auth" name="test_login_success" time="0.343" /><testcase classname="tests.test_01_auth" name="test_login_invalid_credentials" time="0.325" /><testcase classname="tests.test_01_auth" name="test_me_with_bearer" time="0.125" /><testcase classname="tests.test_01_auth" name="test_me_unauthenticated" time="0.132" /><testcase classname="tests.test_10_valuation_screener_docs_alerts_graph" name="test_dcf_realistic_aapl" time="0.047" /><testcase classname="tests.test_10_valuation_screener_docs_alerts_graph" name="test_screener_min_market_cap" time="17.728" /><testcase classname="tests.test_10_valuation_screener_docs_alerts_graph" name="test_screener_sector_tech" time="0.047" /><testcase classname="tests.test_05_ai_agents" name="test_agent_new_variants[management]" time="11.124" /><testcase classname="tests.test_10_valuation_screener_docs_alerts_graph" name="test_documents_upload_and_list" time="0.264" /><testcase classname="tests.test_10_valuation_screener_docs_alerts_graph" name="test_alerts_crud" time="0.068"><failure message="AssertionError: Internal Server Error&#10;assert 500 == 200&#10; +  where 500 = &lt;Response [500]&gt;.status_code">tests/test_10_valuation_screener_docs_alerts_graph.py:75: in test_alerts_crud
    assert r.status_code == 200, r.text
E   AssertionError: Internal Server Error
E   assert 500 == 200
E    +  where 500 = &lt;Response [500]&gt;.status_code</failure></testcase><testcase classname="tests.test_10_valuation_screener_docs_alerts_graph" name="test_graph" time="0.047" /><testcase classname="tests.test_02_market" name="test_market_overview" time="5.189" /><testcase classname="tests.test_02_market" name="test_market_quote" time="0.047" /><testcase classname="tests.test_02_market" name="test_market_history_1mo" time="0.187" /><testcase classname="tests.test_02_market" name="test_search" time="0.047" /><testcase classname="tests.test_03_company" name="test_company_profile" time="0.046" /><testcase classname="tests.test_03_company" name="test_company_financials" time="0.548" /><testcase classname="tests.test_03_company" name="test_company_news" time="0.280" /><testcase classname="tests.test_04_watchlist_portfolio" name="test_watchlist_seed_default" time="0.049" /><testcase classname="tests.test_04_watchlist_portfolio" name="test_watchlist_add" time="0.098" /><testcase classname="tests.test_04_watchlist_portfolio" name="test_portfolio_add_and_get" time="0.211" /><testcase classname="tests.test_06_portfolio_intelligence" name="test_portfolio_connections" time="6.320" /><testcase classname="tests.test_05_ai_agents" name="test_agent_new_variants[materiality]" time="5.716" /><testcase classname="tests.test_06_portfolio_intelligence" name="test_portfolio_macro" time="6.267" /><testcase classname="tests.test_05_ai_agents" name="test_agent_new_variants[earnings_diff]" time="7.942" /><testcase classname="tests.test_06_portfolio_intelligence" name="test_timeline_ticker" time="0.050" /><testcase classname="tests.test_07_living_thesis" name="test_list_theses_by_ticker" time="0.120"><failure message="assert (True and 0 &gt;= 1)&#10; +  where True = isinstance([], list)&#10; +  and   0 = len([])">tests/test_07_living_thesis.py:36: in test_list_theses_by_ticker
    assert isinstance(lst, list) and len(lst) &gt;= 1
E   assert (True and 0 &gt;= 1)
E    +  where True = isinstance([], list)
E    +  and   0 = len([])</failure></testcase><testcase classname="tests.test_07_living_thesis" name="test_thesis_check_runs_ai" time="10.416" /><testcase classname="tests.test_05_ai_agents" name="test_bias_agent" time="7.203" /><testcase classname="tests.test_07_living_thesis" name="test_thesis_v2_and_diff" time="0.142" /><testcase classname="tests.test_08_journal" name="test_list_journal" time="0.066"><error message="failed on setup with &quot;AssertionError: Internal Server Error&#10;assert 500 == 200&#10; +  where 500 = &lt;Response [500]&gt;.status_code&quot;">tests/test_08_journal.py:17: in journal_ids
    assert r.status_code == 200, r.text
E   AssertionError: Internal Server Error
E   assert 500 == 200
E    +  where 500 = &lt;Response [500]&gt;.status_code</error></testcase><testcase classname="tests.test_08_journal" name="test_postmortem" time="0.000"><error message="failed on setup with &quot;AssertionError: Internal Server Error&#10;assert 500 == 200&#10; +  where 500 = &lt;Response [500]&gt;.status_code&quot;">tests/test_08_journal.py:17: in journal_ids
    assert r.status_code == 200, r.text
E   AssertionError: Internal Server Error
E   assert 500 == 200
E    +  where 500 = &lt;Response [500]&gt;.status_code</error></testcase><testcase classname="tests.test_08_journal" name="test_analyze_journal_ai" time="0.000"><error message="failed on setup with &quot;AssertionError: Internal Server Error&#10;assert 500 == 200&#10; +  where 500 = &lt;Response [500]&gt;.status_code&quot;">tests/test_08_journal.py:17: in journal_ids
    assert r.status_code == 200, r.text
E   AssertionError: Internal Server Error
E   assert 500 == 200
E    +  where 500 = &lt;Response [500]&gt;.status_code</error></testcase><testcase classname="tests.test_09_pipeline" name="test_pipeline_add_move_delete" time="0.420" /><testcase classname="tests.test_05_ai_agents" name="test_market_brief" time="7.589" /><testcase classname="tests.test_05_ai_agents" name="test_portfolio_brief" time="4.702" /></testsuite></testsuites>